[INFO] Scanning for projects...
[INFO] 
[INFO] -------------------< se.gothenburg:taxi-carpooling >--------------------
[INFO] Building Gothenburg Taxi Carpooling System 1.0.0
[INFO]   from pom.xml
[INFO] --------------------------------[ jar ]---------------------------------
[INFO] 
[INFO] >>> spring-boot:3.2.0:run (default-cli) > test-compile @ taxi-carpooling >>>
[WARNING] The artifact mysql:mysql-connector-java:jar:8.0.33 has been relocated to com.mysql:mysql-connector-j:jar:8.0.33: MySQL Connector/J artifacts moved to reverse-DNS compliant Maven 2+ coordinates.
[INFO] 
[INFO] --- resources:3.3.1:resources (default-resources) @ taxi-carpooling ---
[INFO] Copying 2 resources from src/main/resources to target/classes
[INFO] Copying 0 resource from src/main/resources to target/classes
[INFO] 
[INFO] --- compiler:3.11.0:compile (default-compile) @ taxi-carpooling ---
[INFO] Changes detected - recompiling the module! :source
[INFO] Compiling 14 source files with javac [debug release 17] to target/classes
[INFO] 
[INFO] --- resources:3.3.1:testResources (default-testResources) @ taxi-carpooling ---
[INFO] skip non existing resourceDirectory /Users/bluehawana/Projects/Taxi/backend/src/test/resources
[INFO] 
[INFO] --- compiler:3.11.0:testCompile (default-testCompile) @ taxi-carpooling ---
[INFO] No sources to compile
[INFO] 
[INFO] <<< spring-boot:3.2.0:run (default-cli) < test-compile @ taxi-carpooling <<<
[INFO] 
[INFO] 
[INFO] --- spring-boot:3.2.0:run (default-cli) @ taxi-carpooling ---
[INFO] Attaching agents: []

  .   ____          _            __ _ _
 /\\ / ___'_ __ _ _(_)_ __  __ _ \ \ \ \
( ( )\___ | '_ | '_| | '_ \/ _` | \ \ \ \
 \\/  ___)| |_)| | | | | || (_| |  ) ) ) )
  '  |____| .__|_| |_|_| |_\__, | / / / /
 =========|_|==============|___/=/_/_/_/
 :: Spring Boot ::                (v3.2.0)

2025-07-18T08:27:03.066+02:00  INFO 76568 --- [Gothenburg Taxi Carpooling System] [           main] s.g.t.TaxiCarpoolingApplication          : Starting TaxiCarpoolingApplication using Java 21.0.6 with PID 76568 (/Users/bluehawana/Projects/Taxi/backend/target/classes started by bluehawana in /Users/bluehawana/Projects/Taxi/backend)
2025-07-18T08:27:03.067+02:00 DEBUG 76568 --- [Gothenburg Taxi Carpooling System] [           main] s.g.t.TaxiCarpoolingApplication          : Running with Spring Boot v3.2.0, Spring v6.1.1
2025-07-18T08:27:03.068+02:00  INFO 76568 --- [Gothenburg Taxi Carpooling System] [           main] s.g.t.TaxiCarpoolingApplication          : No active profile set, falling back to 1 default profile: "default"
2025-07-18T08:27:03.446+02:00  INFO 76568 --- [Gothenburg Taxi Carpooling System] [           main] .s.d.r.c.RepositoryConfigurationDelegate : Bootstrapping Spring Data JPA repositories in DEFAULT mode.
2025-07-18T08:27:03.481+02:00  INFO 76568 --- [Gothenburg Taxi Carpooling System] [           main] .s.d.r.c.RepositoryConfigurationDelegate : Finished Spring Data repository scanning in 29 ms. Found 3 JPA repository interfaces.
2025-07-18T08:27:03.747+02:00  INFO 76568 --- [Gothenburg Taxi Carpooling System] [           main] o.s.b.w.embedded.tomcat.TomcatWebServer  : Tomcat initialized with port 8081 (http)
2025-07-18T08:27:03.753+02:00  INFO 76568 --- [Gothenburg Taxi Carpooling System] [           main] o.apache.catalina.core.StandardService   : Starting service [Tomcat]
2025-07-18T08:27:03.753+02:00  INFO 76568 --- [Gothenburg Taxi Carpooling System] [           main] o.apache.catalina.core.StandardEngine    : Starting Servlet engine: [Apache Tomcat/10.1.16]
2025-07-18T08:27:03.777+02:00  INFO 76568 --- [Gothenburg Taxi Carpooling System] [           main] o.a.c.c.C.[Tomcat].[localhost].[/]       : Initializing Spring embedded WebApplicationContext
2025-07-18T08:27:03.778+02:00  INFO 76568 --- [Gothenburg Taxi Carpooling System] [           main] w.s.c.ServletWebServerApplicationContext : Root WebApplicationContext: initialization completed in 688 ms
2025-07-18T08:27:03.861+02:00  INFO 76568 --- [Gothenburg Taxi Carpooling System] [           main] o.hibernate.jpa.internal.util.LogHelper  : HHH000204: Processing PersistenceUnitInfo [name: default]
2025-07-18T08:27:03.893+02:00  INFO 76568 --- [Gothenburg Taxi Carpooling System] [           main] org.hibernate.Version                    : HHH000412: Hibernate ORM core version 6.3.1.Final
2025-07-18T08:27:03.909+02:00  INFO 76568 --- [Gothenburg Taxi Carpooling System] [           main] o.h.c.internal.RegionFactoryInitiator    : HHH000026: Second-level cache disabled
2025-07-18T08:27:04.020+02:00  INFO 76568 --- [Gothenburg Taxi Carpooling System] [           main] o.s.o.j.p.SpringPersistenceUnitInfo      : No LoadTimeWeaver setup: ignoring JPA class transformer
2025-07-18T08:27:04.033+02:00  INFO 76568 --- [Gothenburg Taxi Carpooling System] [           main] com.zaxxer.hikari.HikariDataSource       : HikariPool-1 - Starting...
2025-07-18T08:27:04.134+02:00  INFO 76568 --- [Gothenburg Taxi Carpooling System] [           main] com.zaxxer.hikari.pool.HikariPool        : HikariPool-1 - Added connection com.mysql.cj.jdbc.ConnectionImpl@4ebd6fd6
2025-07-18T08:27:04.135+02:00  INFO 76568 --- [Gothenburg Taxi Carpooling System] [           main] com.zaxxer.hikari.HikariDataSource       : HikariPool-1 - Start completed.
2025-07-18T08:27:04.167+02:00  WARN 76568 --- [Gothenburg Taxi Carpooling System] [           main] org.hibernate.orm.deprecation            : HHH90000025: MySQLDialect does not need to be specified explicitly using 'hibernate.dialect' (remove the property setting and it will be selected by default)
2025-07-18T08:27:04.603+02:00  INFO 76568 --- [Gothenburg Taxi Carpooling System] [           main] o.h.e.t.j.p.i.JtaPlatformInitiator       : HHH000489: No JTA platform available (set 'hibernate.transaction.jta.platform' to enable JTA platform integration)
2025-07-18T08:27:04.668+02:00  INFO 76568 --- [Gothenburg Taxi Carpooling System] [           main] j.LocalContainerEntityManagerFactoryBean : Initialized JPA EntityManagerFactory for persistence unit 'default'
2025-07-18T08:27:04.833+02:00  INFO 76568 --- [Gothenburg Taxi Carpooling System] [           main] o.s.d.j.r.query.QueryEnhancerFactory     : Hibernate is in classpath; If applicable, HQL parser will be used.
2025-07-18T08:27:05.179+02:00  WARN 76568 --- [Gothenburg Taxi Carpooling System] [           main] JpaBaseConfiguration$JpaWebConfiguration : spring.jpa.open-in-view is enabled by default. Therefore, database queries may be performed during view rendering. Explicitly configure spring.jpa.open-in-view to disable this warning
2025-07-18T08:27:05.246+02:00  INFO 76568 --- [Gothenburg Taxi Carpooling System] [           main] o.s.s.web.DefaultSecurityFilterChain     : Will secure any request with [org.springframework.security.web.session.DisableEncodeUrlFilter@7e32f76b, org.springframework.security.web.context.request.async.WebAsyncManagerIntegrationFilter@339b9869, org.springframework.security.web.context.SecurityContextHolderFilter@13b012, org.springframework.security.web.header.HeaderWriterFilter@50cfe725, org.springframework.web.filter.CorsFilter@356c8c1b, org.springframework.security.web.authentication.logout.LogoutFilter@d3effcb, org.springframework.security.web.savedrequest.RequestCacheAwareFilter@7a337217, org.springframework.security.web.servletapi.SecurityContextHolderAwareRequestFilter@45c3cf0c, org.springframework.security.web.authentication.AnonymousAuthenticationFilter@6a7a8e1e, org.springframework.security.web.access.ExceptionTranslationFilter@597ef918, org.springframework.security.web.access.intercept.AuthorizationFilter@7d461450]
2025-07-18T08:27:05.416+02:00  INFO 76568 --- [Gothenburg Taxi Carpooling System] [           main] o.s.b.w.embedded.tomcat.TomcatWebServer  : Tomcat started on port 8081 (http) with context path ''
2025-07-18T08:27:05.421+02:00  INFO 76568 --- [Gothenburg Taxi Carpooling System] [           main] s.g.t.TaxiCarpoolingApplication          : Started TaxiCarpoolingApplication in 2.571 seconds (process running for 2.759)
2025-07-18T08:27:18.328+02:00  INFO 76568 --- [Gothenburg Taxi Carpooling System] [nio-8081-exec-1] o.a.c.c.C.[Tomcat].[localhost].[/]       : Initializing Spring DispatcherServlet 'dispatcherServlet'
2025-07-18T08:27:18.329+02:00  INFO 76568 --- [Gothenburg Taxi Carpooling System] [nio-8081-exec-1] o.s.web.servlet.DispatcherServlet        : Initializing Servlet 'dispatcherServlet'
2025-07-18T08:27:18.330+02:00  INFO 76568 --- [Gothenburg Taxi Carpooling System] [nio-8081-exec-1] o.s.web.servlet.DispatcherServlet        : Completed initialization in 1 ms
Hibernate: select tr1_0.id,tr1_0.actual_cost,tr1_0.actual_dropoff_time,tr1_0.actual_pickup_time,tr1_0.assigned_at,tr1_0.assigned_driver_id,tr1_0.created_at,tr1_0.destination_address,tr1_0.destination_latitude,tr1_0.destination_longitude,tr1_0.estimated_cost,tr1_0.needs_assistance,tr1_0.needs_wheelchair_access,tr1_0.passenger_count,tr1_0.pickup_address,tr1_0.pickup_latitude,tr1_0.pickup_longitude,tr1_0.priority,tr1_0.requested_pickup_time,tr1_0.shared_trip_id,tr1_0.special_requirements,tr1_0.status,tr1_0.user_id from trip_requests tr1_0 where tr1_0.status=? and tr1_0.requested_pickup_time>?
Hibernate: select u1_0.id,u1_0.address,u1_0.city,u1_0.created_at,u1_0.eligibility_type,u1_0.email,u1_0.first_name,u1_0.last_name,u1_0.needs_assistance,u1_0.needs_wheelchair_access,u1_0.personnummer,u1_0.phone,u1_0.postal_code,u1_0.user_type from users u1_0 where u1_0.id=?
Trip booking error: No enum constant se.gothenburg.taxicarpooling.entity.TripRequest.Priority.MEDIUM
java.lang.IllegalArgumentException: No enum constant se.gothenburg.taxicarpooling.entity.TripRequest.Priority.MEDIUM
	at java.base/java.lang.Enum.valueOf(Enum.java:293)
	at se.gothenburg.taxicarpooling.entity.TripRequest$Priority.valueOf(TripRequest.java:67)
	at se.gothenburg.taxicarpooling.service.TripRequestService.createTripRequest(TripRequestService.java:41)
	at java.base/jdk.internal.reflect.DirectMethodHandleAccessor.invoke(DirectMethodHandleAccessor.java:103)
	at java.base/java.lang.reflect.Method.invoke(Method.java:580)
	at org.springframework.aop.support.AopUtils.invokeJoinpointUsingReflection(AopUtils.java:352)
	at org.springframework.aop.framework.CglibAopProxy$DynamicAdvisedInterceptor.intercept(CglibAopProxy.java:713)
	at se.gothenburg.taxicarpooling.service.TripRequestService$$SpringCGLIB$$0.createTripRequest(<generated>)
	at se.gothenburg.taxicarpooling.controller.TripController.bookTrip(TripController.java:23)
	at java.base/jdk.internal.reflect.DirectMethodHandleAccessor.invoke(DirectMethodHandleAccessor.java:103)
	at java.base/java.lang.reflect.Method.invoke(Method.java:580)
	at org.springframework.web.method.support.InvocableHandlerMethod.doInvoke(InvocableHandlerMethod.java:254)
	at org.springframework.web.method.support.InvocableHandlerMethod.invokeForRequest(InvocableHandlerMethod.java:182)
	at org.springframework.web.servlet.mvc.method.annotation.ServletInvocableHandlerMethod.invokeAndHandle(ServletInvocableHandlerMethod.java:118)
	at org.springframework.web.servlet.mvc.method.annotation.RequestMappingHandlerAdapter.invokeHandlerMethod(RequestMappingHandlerAdapter.java:917)
	at org.springframework.web.servlet.mvc.method.annotation.RequestMappingHandlerAdapter.handleInternal(RequestMappingHandlerAdapter.java:829)
	at org.springframework.web.servlet.mvc.method.AbstractHandlerMethodAdapter.handle(AbstractHandlerMethodAdapter.java:87)
	at org.springframework.web.servlet.DispatcherServlet.doDispatch(DispatcherServlet.java:1089)
	at org.springframework.web.servlet.DispatcherServlet.doService(DispatcherServlet.java:979)
	at org.springframework.web.servlet.FrameworkServlet.processRequest(FrameworkServlet.java:1014)
	at org.springframework.web.servlet.FrameworkServlet.doPost(FrameworkServlet.java:914)
	at jakarta.servlet.http.HttpServlet.service(HttpServlet.java:590)
	at org.springframework.web.servlet.FrameworkServlet.service(FrameworkServlet.java:885)
	at jakarta.servlet.http.HttpServlet.service(HttpServlet.java:658)
	at org.apache.catalina.core.ApplicationFilterChain.internalDoFilter(ApplicationFilterChain.java:205)
	at org.apache.catalina.core.ApplicationFilterChain.doFilter(ApplicationFilterChain.java:149)
	at org.apache.tomcat.websocket.server.WsFilter.doFilter(WsFilter.java:51)
	at org.apache.catalina.core.ApplicationFilterChain.internalDoFilter(ApplicationFilterChain.java:174)
	at org.apache.catalina.core.ApplicationFilterChain.doFilter(ApplicationFilterChain.java:149)
	at org.springframework.security.web.FilterChainProxy.lambda$doFilterInternal$3(FilterChainProxy.java:231)
	at org.springframework.security.web.FilterChainProxy$VirtualFilterChain.doFilter(FilterChainProxy.java:365)
	at org.springframework.security.web.access.intercept.AuthorizationFilter.doFilter(AuthorizationFilter.java:100)
	at org.springframework.security.web.FilterChainProxy$VirtualFilterChain.doFilter(FilterChainProxy.java:374)
	at org.springframework.security.web.access.ExceptionTranslationFilter.doFilter(ExceptionTranslationFilter.java:126)
	at org.springframework.security.web.access.ExceptionTranslationFilter.doFilter(ExceptionTranslationFilter.java:120)
	at org.springframework.security.web.FilterChainProxy$VirtualFilterChain.doFilter(FilterChainProxy.java:374)
	at org.springframework.security.web.authentication.AnonymousAuthenticationFilter.doFilter(AnonymousAuthenticationFilter.java:100)
	at org.springframework.security.web.FilterChainProxy$VirtualFilterChain.doFilter(FilterChainProxy.java:374)
	at org.springframework.security.web.servletapi.SecurityContextHolderAwareRequestFilter.doFilter(SecurityContextHolderAwareRequestFilter.java:179)
	at org.springframework.security.web.FilterChainProxy$VirtualFilterChain.doFilter(FilterChainProxy.java:374)
	at org.springframework.security.web.savedrequest.RequestCacheAwareFilter.doFilter(RequestCacheAwareFilter.java:63)
	at org.springframework.security.web.FilterChainProxy$VirtualFilterChain.doFilter(FilterChainProxy.java:374)
	at org.springframework.security.web.authentication.logout.LogoutFilter.doFilter(LogoutFilter.java:107)
	at org.springframework.security.web.authentication.logout.LogoutFilter.doFilter(LogoutFilter.java:93)
	at org.springframework.security.web.FilterChainProxy$VirtualFilterChain.doFilter(FilterChainProxy.java:374)
	at org.springframework.web.filter.CorsFilter.doFilterInternal(CorsFilter.java:91)
	at org.springframework.web.filter.OncePerRequestFilter.doFilter(OncePerRequestFilter.java:116)
	at org.springframework.security.web.FilterChainProxy$VirtualFilterChain.doFilter(FilterChainProxy.java:374)
	at org.springframework.security.web.header.HeaderWriterFilter.doHeadersAfter(HeaderWriterFilter.java:90)
	at org.springframework.security.web.header.HeaderWriterFilter.doFilterInternal(HeaderWriterFilter.java:75)
	at org.springframework.web.filter.OncePerRequestFilter.doFilter(OncePerRequestFilter.java:116)
	at org.springframework.security.web.FilterChainProxy$VirtualFilterChain.doFilter(FilterChainProxy.java:374)
	at org.springframework.security.web.context.SecurityContextHolderFilter.doFilter(SecurityContextHolderFilter.java:82)
	at org.springframework.security.web.context.SecurityContextHolderFilter.doFilter(SecurityContextHolderFilter.java:69)
	at org.springframework.security.web.FilterChainProxy$VirtualFilterChain.doFilter(FilterChainProxy.java:374)
	at org.springframework.security.web.context.request.async.WebAsyncManagerIntegrationFilter.doFilterInternal(WebAsyncManagerIntegrationFilter.java:62)
	at org.springframework.web.filter.OncePerRequestFilter.doFilter(OncePerRequestFilter.java:116)
	at org.springframework.security.web.FilterChainProxy$VirtualFilterChain.doFilter(FilterChainProxy.java:374)
	at org.springframework.security.web.session.DisableEncodeUrlFilter.doFilterInternal(DisableEncodeUrlFilter.java:42)
	at org.springframework.web.filter.OncePerRequestFilter.doFilter(OncePerRequestFilter.java:116)
	at org.springframework.security.web.FilterChainProxy$VirtualFilterChain.doFilter(FilterChainProxy.java:374)
	at org.springframework.security.web.FilterChainProxy.doFilterInternal(FilterChainProxy.java:233)
	at org.springframework.security.web.FilterChainProxy.doFilter(FilterChainProxy.java:191)
	at org.springframework.web.filter.DelegatingFilterProxy.invokeDelegate(DelegatingFilterProxy.java:352)
	at org.springframework.web.filter.DelegatingFilterProxy.doFilter(DelegatingFilterProxy.java:268)
	at org.apache.catalina.core.ApplicationFilterChain.internalDoFilter(ApplicationFilterChain.java:174)
	at org.apache.catalina.core.ApplicationFilterChain.doFilter(ApplicationFilterChain.java:149)
	at org.springframework.web.filter.RequestContextFilter.doFilterInternal(RequestContextFilter.java:100)
	at org.springframework.web.filter.OncePerRequestFilter.doFilter(OncePerRequestFilter.java:116)
	at org.apache.catalina.core.ApplicationFilterChain.internalDoFilter(ApplicationFilterChain.java:174)
	at org.apache.catalina.core.ApplicationFilterChain.doFilter(ApplicationFilterChain.java:149)
	at org.springframework.web.filter.FormContentFilter.doFilterInternal(FormContentFilter.java:93)
	at org.springframework.web.filter.OncePerRequestFilter.doFilter(OncePerRequestFilter.java:116)
	at org.apache.catalina.core.ApplicationFilterChain.internalDoFilter(ApplicationFilterChain.java:174)
	at org.apache.catalina.core.ApplicationFilterChain.doFilter(ApplicationFilterChain.java:149)
	at org.springframework.web.filter.CharacterEncodingFilter.doFilterInternal(CharacterEncodingFilter.java:201)
	at org.springframework.web.filter.OncePerRequestFilter.doFilter(OncePerRequestFilter.java:116)
	at org.apache.catalina.core.ApplicationFilterChain.internalDoFilter(ApplicationFilterChain.java:174)
	at org.apache.catalina.core.ApplicationFilterChain.doFilter(ApplicationFilterChain.java:149)
	at org.apache.catalina.core.StandardWrapperValve.invoke(StandardWrapperValve.java:167)
	at org.apache.catalina.core.StandardContextValve.invoke(StandardContextValve.java:90)
	at org.apache.catalina.authenticator.AuthenticatorBase.invoke(AuthenticatorBase.java:482)
	at org.apache.catalina.core.StandardHostValve.invoke(StandardHostValve.java:115)
	at org.apache.catalina.valves.ErrorReportValve.invoke(ErrorReportValve.java:93)
	at org.apache.catalina.core.StandardEngineValve.invoke(StandardEngineValve.java:74)
	at org.apache.catalina.connector.CoyoteAdapter.service(CoyoteAdapter.java:340)
	at org.apache.coyote.http11.Http11Processor.service(Http11Processor.java:391)
	at org.apache.coyote.AbstractProcessorLight.process(AbstractProcessorLight.java:63)
	at org.apache.coyote.AbstractProtocol$ConnectionHandler.process(AbstractProtocol.java:896)
	at org.apache.tomcat.util.net.NioEndpoint$SocketProcessor.doRun(NioEndpoint.java:1744)
	at org.apache.tomcat.util.net.SocketProcessorBase.run(SocketProcessorBase.java:52)
	at org.apache.tomcat.util.threads.ThreadPoolExecutor.runWorker(ThreadPoolExecutor.java:1191)
	at org.apache.tomcat.util.threads.ThreadPoolExecutor$Worker.run(ThreadPoolExecutor.java:659)
	at org.apache.tomcat.util.threads.TaskThread$WrappingRunnable.run(TaskThread.java:61)
	at java.base/java.lang.Thread.run(Thread.java:1583)
Hibernate: select u1_0.id,u1_0.address,u1_0.city,u1_0.created_at,u1_0.eligibility_type,u1_0.email,u1_0.first_name,u1_0.last_name,u1_0.needs_assistance,u1_0.needs_wheelchair_access,u1_0.personnummer,u1_0.phone,u1_0.postal_code,u1_0.user_type from users u1_0 where u1_0.id=?
Hibernate: insert into trip_requests (actual_cost,actual_dropoff_time,actual_pickup_time,assigned_at,assigned_driver_id,created_at,destination_address,destination_latitude,destination_longitude,estimated_cost,needs_assistance,needs_wheelchair_access,passenger_count,pickup_address,pickup_latitude,pickup_longitude,priority,requested_pickup_time,shared_trip_id,special_requirements,status,user_id) values (?,?,?,?,?,?,?,?,?,?,?,?,?,?,?,?,?,?,?,?,?,?)
Hibernate: select tr1_0.id,tr1_0.actual_cost,tr1_0.actual_dropoff_time,tr1_0.actual_pickup_time,tr1_0.assigned_at,tr1_0.assigned_driver_id,tr1_0.created_at,tr1_0.destination_address,tr1_0.destination_latitude,tr1_0.destination_longitude,tr1_0.estimated_cost,tr1_0.needs_assistance,tr1_0.needs_wheelchair_access,tr1_0.passenger_count,tr1_0.pickup_address,tr1_0.pickup_latitude,tr1_0.pickup_longitude,tr1_0.priority,tr1_0.requested_pickup_time,tr1_0.shared_trip_id,tr1_0.special_requirements,tr1_0.status,tr1_0.user_id from trip_requests tr1_0 where tr1_0.status=? and tr1_0.requested_pickup_time>?
Hibernate: select u1_0.id,u1_0.address,u1_0.city,u1_0.created_at,u1_0.eligibility_type,u1_0.email,u1_0.first_name,u1_0.last_name,u1_0.needs_assistance,u1_0.needs_wheelchair_access,u1_0.personnummer,u1_0.phone,u1_0.postal_code,u1_0.user_type from users u1_0 where u1_0.id=?
Hibernate: insert into trip_requests (actual_cost,actual_dropoff_time,actual_pickup_time,assigned_at,assigned_driver_id,created_at,destination_address,destination_latitude,destination_longitude,estimated_cost,needs_assistance,needs_wheelchair_access,passenger_count,pickup_address,pickup_latitude,pickup_longitude,priority,requested_pickup_time,shared_trip_id,special_requirements,status,user_id) values (?,?,?,?,?,?,?,?,?,?,?,?,?,?,?,?,?,?,?,?,?,?)
Hibernate: select tr1_0.id,tr1_0.actual_cost,tr1_0.actual_dropoff_time,tr1_0.actual_pickup_time,tr1_0.assigned_at,tr1_0.assigned_driver_id,tr1_0.created_at,tr1_0.destination_address,tr1_0.destination_latitude,tr1_0.destination_longitude,tr1_0.estimated_cost,tr1_0.needs_assistance,tr1_0.needs_wheelchair_access,tr1_0.passenger_count,tr1_0.pickup_address,tr1_0.pickup_latitude,tr1_0.pickup_longitude,tr1_0.priority,tr1_0.requested_pickup_time,tr1_0.shared_trip_id,tr1_0.special_requirements,tr1_0.status,tr1_0.user_id from trip_requests tr1_0 where tr1_0.status=? and tr1_0.requested_pickup_time>?
Hibernate: select u1_0.id,u1_0.address,u1_0.city,u1_0.created_at,u1_0.eligibility_type,u1_0.email,u1_0.first_name,u1_0.last_name,u1_0.needs_assistance,u1_0.needs_wheelchair_access,u1_0.personnummer,u1_0.phone,u1_0.postal_code,u1_0.user_type from users u1_0 where u1_0.id=?
Hibernate: insert into trip_requests (actual_cost,actual_dropoff_time,actual_pickup_time,assigned_at,assigned_driver_id,created_at,destination_address,destination_latitude,destination_longitude,estimated_cost,needs_assistance,needs_wheelchair_access,passenger_count,pickup_address,pickup_latitude,pickup_longitude,priority,requested_pickup_time,shared_trip_id,special_requirements,status,user_id) values (?,?,?,?,?,?,?,?,?,?,?,?,?,?,?,?,?,?,?,?,?,?)
Hibernate: select tr1_0.id,tr1_0.actual_cost,tr1_0.actual_dropoff_time,tr1_0.actual_pickup_time,tr1_0.assigned_at,tr1_0.assigned_driver_id,tr1_0.created_at,tr1_0.destination_address,tr1_0.destination_latitude,tr1_0.destination_longitude,tr1_0.estimated_cost,tr1_0.needs_assistance,tr1_0.needs_wheelchair_access,tr1_0.passenger_count,tr1_0.pickup_address,tr1_0.pickup_latitude,tr1_0.pickup_longitude,tr1_0.priority,tr1_0.requested_pickup_time,tr1_0.shared_trip_id,tr1_0.special_requirements,tr1_0.status,tr1_0.user_id from trip_requests tr1_0 where tr1_0.status=? and tr1_0.requested_pickup_time>?
Hibernate: select u1_0.id,u1_0.address,u1_0.city,u1_0.created_at,u1_0.eligibility_type,u1_0.email,u1_0.first_name,u1_0.last_name,u1_0.needs_assistance,u1_0.needs_wheelchair_access,u1_0.personnummer,u1_0.phone,u1_0.postal_code,u1_0.user_type from users u1_0 where u1_0.id=?
Hibernate: select u1_0.id,u1_0.address,u1_0.city,u1_0.created_at,u1_0.eligibility_type,u1_0.email,u1_0.first_name,u1_0.last_name,u1_0.needs_assistance,u1_0.needs_wheelchair_access,u1_0.personnummer,u1_0.phone,u1_0.postal_code,u1_0.user_type from users u1_0 where u1_0.id=?
Hibernate: insert into trip_requests (actual_cost,actual_dropoff_time,actual_pickup_time,assigned_at,assigned_driver_id,created_at,destination_address,destination_latitude,destination_longitude,estimated_cost,needs_assistance,needs_wheelchair_access,passenger_count,pickup_address,pickup_latitude,pickup_longitude,priority,requested_pickup_time,shared_trip_id,special_requirements,status,user_id) values (?,?,?,?,?,?,?,?,?,?,?,?,?,?,?,?,?,?,?,?,?,?)
Hibernate: select tr1_0.id,tr1_0.actual_cost,tr1_0.actual_dropoff_time,tr1_0.actual_pickup_time,tr1_0.assigned_at,tr1_0.assigned_driver_id,tr1_0.created_at,tr1_0.destination_address,tr1_0.destination_latitude,tr1_0.destination_longitude,tr1_0.estimated_cost,tr1_0.needs_assistance,tr1_0.needs_wheelchair_access,tr1_0.passenger_count,tr1_0.pickup_address,tr1_0.pickup_latitude,tr1_0.pickup_longitude,tr1_0.priority,tr1_0.requested_pickup_time,tr1_0.shared_trip_id,tr1_0.special_requirements,tr1_0.status,tr1_0.user_id from trip_requests tr1_0 where tr1_0.status=? and tr1_0.requested_pickup_time>?
Hibernate: select u1_0.id,u1_0.address,u1_0.city,u1_0.created_at,u1_0.eligibility_type,u1_0.email,u1_0.first_name,u1_0.last_name,u1_0.needs_assistance,u1_0.needs_wheelchair_access,u1_0.personnummer,u1_0.phone,u1_0.postal_code,u1_0.user_type from users u1_0 where u1_0.id=?
Hibernate: select tr1_0.id,tr1_0.actual_cost,tr1_0.actual_dropoff_time,tr1_0.actual_pickup_time,tr1_0.assigned_at,tr1_0.assigned_driver_id,tr1_0.created_at,tr1_0.destination_address,tr1_0.destination_latitude,tr1_0.destination_longitude,tr1_0.estimated_cost,tr1_0.needs_assistance,tr1_0.needs_wheelchair_access,tr1_0.passenger_count,tr1_0.pickup_address,tr1_0.pickup_latitude,tr1_0.pickup_longitude,tr1_0.priority,tr1_0.requested_pickup_time,tr1_0.shared_trip_id,tr1_0.special_requirements,tr1_0.status,tr1_0.user_id from trip_requests tr1_0 where tr1_0.status=? and tr1_0.requested_pickup_time>?
Hibernate: select u1_0.id,u1_0.address,u1_0.city,u1_0.created_at,u1_0.eligibility_type,u1_0.email,u1_0.first_name,u1_0.last_name,u1_0.needs_assistance,u1_0.needs_wheelchair_access,u1_0.personnummer,u1_0.phone,u1_0.postal_code,u1_0.user_type from users u1_0 where u1_0.id=?
Hibernate: select tr1_0.id,tr1_0.actual_cost,tr1_0.actual_dropoff_time,tr1_0.actual_pickup_time,tr1_0.assigned_at,tr1_0.assigned_driver_id,tr1_0.created_at,tr1_0.destination_address,tr1_0.destination_latitude,tr1_0.destination_longitude,tr1_0.estimated_cost,tr1_0.needs_assistance,tr1_0.needs_wheelchair_access,tr1_0.passenger_count,tr1_0.pickup_address,tr1_0.pickup_latitude,tr1_0.pickup_longitude,tr1_0.priority,tr1_0.requested_pickup_time,tr1_0.shared_trip_id,tr1_0.special_requirements,tr1_0.status,tr1_0.user_id from trip_requests tr1_0 where tr1_0.status=? and tr1_0.requested_pickup_time>?
Hibernate: select u1_0.id,u1_0.address,u1_0.city,u1_0.created_at,u1_0.eligibility_type,u1_0.email,u1_0.first_name,u1_0.last_name,u1_0.needs_assistance,u1_0.needs_wheelchair_access,u1_0.personnummer,u1_0.phone,u1_0.postal_code,u1_0.user_type from users u1_0 where u1_0.id=?
Hibernate: select tr1_0.id,tr1_0.actual_cost,tr1_0.actual_dropoff_time,tr1_0.actual_pickup_time,tr1_0.assigned_at,tr1_0.assigned_driver_id,tr1_0.created_at,tr1_0.destination_address,tr1_0.destination_latitude,tr1_0.destination_longitude,tr1_0.estimated_cost,tr1_0.needs_assistance,tr1_0.needs_wheelchair_access,tr1_0.passenger_count,tr1_0.pickup_address,tr1_0.pickup_latitude,tr1_0.pickup_longitude,tr1_0.priority,tr1_0.requested_pickup_time,tr1_0.shared_trip_id,tr1_0.special_requirements,tr1_0.status,tr1_0.user_id from trip_requests tr1_0 where tr1_0.status=? and tr1_0.requested_pickup_time>?
Hibernate: select u1_0.id,u1_0.address,u1_0.city,u1_0.created_at,u1_0.eligibility_type,u1_0.email,u1_0.first_name,u1_0.last_name,u1_0.needs_assistance,u1_0.needs_wheelchair_access,u1_0.personnummer,u1_0.phone,u1_0.postal_code,u1_0.user_type from users u1_0 where u1_0.id=?
Hibernate: select tr1_0.id,tr1_0.actual_cost,tr1_0.actual_dropoff_time,tr1_0.actual_pickup_time,tr1_0.assigned_at,ad1_0.id,ad1_0.address,ad1_0.city,ad1_0.created_at,ad1_0.eligibility_type,ad1_0.email,ad1_0.first_name,ad1_0.last_name,ad1_0.needs_assistance,ad1_0.needs_wheelchair_access,ad1_0.personnummer,ad1_0.phone,ad1_0.postal_code,ad1_0.user_type,tr1_0.created_at,tr1_0.destination_address,tr1_0.destination_latitude,tr1_0.destination_longitude,tr1_0.estimated_cost,tr1_0.needs_assistance,tr1_0.needs_wheelchair_access,tr1_0.passenger_count,tr1_0.pickup_address,tr1_0.pickup_latitude,tr1_0.pickup_longitude,tr1_0.priority,tr1_0.requested_pickup_time,st1_0.id,st1_0.actual_cost,st1_0.actual_duration_minutes,ad2_0.id,ad2_0.address,ad2_0.city,ad2_0.created_at,ad2_0.eligibility_type,ad2_0.email,ad2_0.first_name,ad2_0.last_name,ad2_0.needs_assistance,ad2_0.needs_wheelchair_access,ad2_0.personnummer,ad2_0.phone,ad2_0.postal_code,ad2_0.user_type,st1_0.completed_at,st1_0.created_at,st1_0.dropoff_sequence,st1_0.estimated_cost,st1_0.estimated_duration_minutes,st1_0.passenger_count,st1_0.pickup_sequence,st1_0.status,tr1_0.special_requirements,tr1_0.status,tr1_0.user_id,u1_0.id,u1_0.address,u1_0.city,u1_0.created_at,u1_0.eligibility_type,u1_0.email,u1_0.first_name,u1_0.last_name,u1_0.needs_assistance,u1_0.needs_wheelchair_access,u1_0.personnummer,u1_0.phone,u1_0.postal_code,u1_0.user_type from trip_requests tr1_0 left join users ad1_0 on ad1_0.id=tr1_0.assigned_driver_id left join shared_trips st1_0 on st1_0.id=tr1_0.shared_trip_id left join users ad2_0 on ad2_0.id=st1_0.assigned_driver_id join users u1_0 on u1_0.id=tr1_0.user_id where tr1_0.id=?
Hibernate: select u1_0.id,u1_0.address,u1_0.city,u1_0.created_at,u1_0.eligibility_type,u1_0.email,u1_0.first_name,u1_0.last_name,u1_0.needs_assistance,u1_0.needs_wheelchair_access,u1_0.personnummer,u1_0.phone,u1_0.postal_code,u1_0.user_type from users u1_0 where u1_0.id=?
Hibernate: update trip_requests set actual_cost=?,actual_dropoff_time=?,actual_pickup_time=?,assigned_at=?,assigned_driver_id=?,destination_address=?,destination_latitude=?,destination_longitude=?,estimated_cost=?,needs_assistance=?,needs_wheelchair_access=?,passenger_count=?,pickup_address=?,pickup_latitude=?,pickup_longitude=?,priority=?,requested_pickup_time=?,shared_trip_id=?,special_requirements=?,status=?,user_id=? where id=?
Hibernate: select tr1_0.id,tr1_0.actual_cost,tr1_0.actual_dropoff_time,tr1_0.actual_pickup_time,tr1_0.assigned_at,ad1_0.id,ad1_0.address,ad1_0.city,ad1_0.created_at,ad1_0.eligibility_type,ad1_0.email,ad1_0.first_name,ad1_0.last_name,ad1_0.needs_assistance,ad1_0.needs_wheelchair_access,ad1_0.personnummer,ad1_0.phone,ad1_0.postal_code,ad1_0.user_type,tr1_0.created_at,tr1_0.destination_address,tr1_0.destination_latitude,tr1_0.destination_longitude,tr1_0.estimated_cost,tr1_0.needs_assistance,tr1_0.needs_wheelchair_access,tr1_0.passenger_count,tr1_0.pickup_address,tr1_0.pickup_latitude,tr1_0.pickup_longitude,tr1_0.priority,tr1_0.requested_pickup_time,st1_0.id,st1_0.actual_cost,st1_0.actual_duration_minutes,ad2_0.id,ad2_0.address,ad2_0.city,ad2_0.created_at,ad2_0.eligibility_type,ad2_0.email,ad2_0.first_name,ad2_0.last_name,ad2_0.needs_assistance,ad2_0.needs_wheelchair_access,ad2_0.personnummer,ad2_0.phone,ad2_0.postal_code,ad2_0.user_type,st1_0.completed_at,st1_0.created_at,st1_0.dropoff_sequence,st1_0.estimated_cost,st1_0.estimated_duration_minutes,st1_0.passenger_count,st1_0.pickup_sequence,st1_0.status,tr1_0.special_requirements,tr1_0.status,tr1_0.user_id,u1_0.id,u1_0.address,u1_0.city,u1_0.created_at,u1_0.eligibility_type,u1_0.email,u1_0.first_name,u1_0.last_name,u1_0.needs_assistance,u1_0.needs_wheelchair_access,u1_0.personnummer,u1_0.phone,u1_0.postal_code,u1_0.user_type from trip_requests tr1_0 left join users ad1_0 on ad1_0.id=tr1_0.assigned_driver_id left join shared_trips st1_0 on st1_0.id=tr1_0.shared_trip_id left join users ad2_0 on ad2_0.id=st1_0.assigned_driver_id join users u1_0 on u1_0.id=tr1_0.user_id where tr1_0.id=?
2025-07-18T08:42:02.197+02:00  WARN 76568 --- [Gothenburg Taxi Carpooling System] [l-1 housekeeper] com.zaxxer.hikari.pool.HikariPool        : HikariPool-1 - Thread starvation or clock leap detected (housekeeper delta=57s906ms).
2025-07-18T08:57:59.505+02:00  WARN 76568 --- [Gothenburg Taxi Carpooling System] [l-1 housekeeper] com.zaxxer.hikari.pool.HikariPool        : HikariPool-1 - Thread starvation or clock leap detected (housekeeper delta=15m27s295ms).
2025-07-18T09:02:40.297+02:00  WARN 76568 --- [Gothenburg Taxi Carpooling System] [l-1 housekeeper] com.zaxxer.hikari.pool.HikariPool        : HikariPool-1 - Thread starvation or clock leap detected (housekeeper delta=4m40s792ms).
2025-07-18T09:08:23.212+02:00  WARN 76568 --- [Gothenburg Taxi Carpooling System] [l-1 housekeeper] com.zaxxer.hikari.pool.HikariPool        : HikariPool-1 - Thread starvation or clock leap detected (housekeeper delta=4m42s899ms).
2025-07-18T09:12:04.040+02:00  WARN 76568 --- [Gothenburg Taxi Carpooling System] [l-1 housekeeper] com.zaxxer.hikari.pool.HikariPool        : HikariPool-1 - Thread starvation or clock leap detected (housekeeper delta=3m10s816ms).
2025-07-18T09:15:08.580+02:00  WARN 76568 --- [Gothenburg Taxi Carpooling System] [l-1 housekeeper] com.zaxxer.hikari.pool.HikariPool        : HikariPool-1 - Thread starvation or clock leap detected (housekeeper delta=1m33s985ms).
2025-07-18T09:17:53.357+02:00  WARN 76568 --- [Gothenburg Taxi Carpooling System] [l-1 housekeeper] com.zaxxer.hikari.pool.HikariPool        : HikariPool-1 - Thread starvation or clock leap detected (housekeeper delta=1m44s767ms).
2025-07-18T09:37:22.145+02:00  WARN 76568 --- [Gothenburg Taxi Carpooling System] [l-1 housekeeper] com.zaxxer.hikari.pool.HikariPool        : HikariPool-1 - Thread starvation or clock leap detected (housekeeper delta=15m27s811ms).
2025-07-18T09:52:49.388+02:00  WARN 76568 --- [Gothenburg Taxi Carpooling System] [l-1 housekeeper] com.zaxxer.hikari.pool.HikariPool        : HikariPool-1 - Thread starvation or clock leap detected (housekeeper delta=15m27s243ms).
2025-07-18T10:09:38.988+02:00  WARN 76568 --- [Gothenburg Taxi Carpooling System] [l-1 housekeeper] com.zaxxer.hikari.pool.HikariPool        : HikariPool-1 - Thread starvation or clock leap detected (housekeeper delta=15m19s542ms).
2025-07-18T10:11:07.000+02:00  WARN 76568 --- [Gothenburg Taxi Carpooling System] [l-1 housekeeper] com.zaxxer.hikari.pool.HikariPool        : HikariPool-1 - Thread starvation or clock leap detected (housekeeper delta=57s994ms).
2025-07-18T10:27:34.936+02:00  WARN 76568 --- [Gothenburg Taxi Carpooling System] [l-1 housekeeper] com.zaxxer.hikari.pool.HikariPool        : HikariPool-1 - Thread starvation or clock leap detected (housekeeper delta=15m27s834ms).
2025-07-18T10:31:26.720+02:00  WARN 76568 --- [Gothenburg Taxi Carpooling System] [l-1 housekeeper] com.zaxxer.hikari.pool.HikariPool        : HikariPool-1 - Thread starvation or clock leap detected (housekeeper delta=3m21s763ms).
2025-07-18T10:38:41.312+02:00  WARN 76568 --- [Gothenburg Taxi Carpooling System] [l-1 housekeeper] com.zaxxer.hikari.pool.HikariPool        : HikariPool-1 - Thread starvation or clock leap detected (housekeeper delta=5m14s563ms).
2025-07-18T10:49:52.492+02:00  WARN 76568 --- [Gothenburg Taxi Carpooling System] [l-1 housekeeper] com.zaxxer.hikari.pool.HikariPool        : HikariPool-1 - Thread starvation or clock leap detected (housekeeper delta=10m41s170ms).
2025-07-18T11:28:06.743+02:00  WARN 76568 --- [Gothenburg Taxi Carpooling System] [l-1 housekeeper] com.zaxxer.hikari.pool.HikariPool        : HikariPool-1 - Thread starvation or clock leap detected (housekeeper delta=18m44s133ms).
2025-07-18T11:31:19.260+02:00  WARN 76568 --- [Gothenburg Taxi Carpooling System] [l-1 housekeeper] com.zaxxer.hikari.pool.HikariPool        : HikariPool-1 - Thread starvation or clock leap detected (housekeeper delta=2m42s558ms).
2025-07-18T11:38:13.110+02:00  WARN 76568 --- [Gothenburg Taxi Carpooling System] [l-1 housekeeper] com.zaxxer.hikari.pool.HikariPool        : HikariPool-1 - Thread starvation or clock leap detected (housekeeper delta=53s811ms).
